#
# A fatal error has been detected by the Java Runtime Environment:
#
#  SIGBUS (0xa) at pc=0x000000010f51eeb9, pid=13078, tid=26607
#
# JRE version: Java(TM) SE Runtime Environment (8.0_25-b17) (build 1.8.0_25-b17)
# Java VM: Java HotSpot(TM) 64-Bit Server VM (25.25-b02 mixed mode bsd-amd64 compressed oops)
# Problematic frame:
# C  [libzip.dylib+0x2eb9]  newEntry+0x154
#
# Failed to write core dump. Core dumps have been disabled. To enable core dumping, try "ulimit -c unlimited" before starting Java again
#
# If you would like to submit a bug report, please visit:
#   http://bugreport.sun.com/bugreport/crash.jsp
# The crash happened outside the Java Virtual Machine in native code.
# See problematic frame for where to report the bug.
#

---------------  T H R E A D  ---------------

Current thread (0x00007fe5ffea0000):  JavaThread "pool-16874-thread-8" [_thread_in_native, id=26607, stack(0x0000700008024000,0x0000700008124000)]

siginfo: si_signo: 10 (SIGBUS), si_code: 2 (BUS_ADRERR), si_addr: 0x000000012068fbc2

Registers:
RAX=0x00007fe605134160, RBX=0x000000012068fbb6, RCX=0x0000000000000001, RDX=0x0000000000000a00
RSP=0x0000700008121350, RBP=0x00007000081213b0, RSI=0x0000000000000040, RDI=0x0000000000000a6f
R8 =0x0000000000000048, R9 =0x00007fe6017a6e10, R10=0x00000000ffffffc0, R11=0x0000000000000007
R12=0x0000000000000000, R13=0x00000007974cb770, R14=0x00007fe605134160, R15=0x00007fe5ffea0000
RIP=0x000000010f51eeb9, EFLAGS=0x0000000000010202, ERR=0x0000000000000004
  TRAPNO=0x000000000000000e

Top of Stack: (sp=0x0000700008121350)
0x0000700008121350:   0000000000000078 0000000100000078
0x0000700008121360:   00007000081213d0 000000010e905d60
0x0000700008121370:   0000700008121390 00007fe605134160
0x0000700008121380:   00007fe6017a6e10 0000000000000000
0x0000700008121390:   0000000000000000 00000007974cb770
0x00007000081213a0:   00007fe605134160 00007fe5ffea0000
0x00007000081213b0:   00007000081213d0 000000010f51f468
0x00007000081213c0:   00007000081214a0 0000700008121420
0x00007000081213d0:   00007000081213e0 000000010f51e26e
0x00007000081213e0:   0000700008121430 000000010f6869b6
0x00007000081213f0:   00007fe5ffea01e8 00007fe6017a6fc0
0x0000700008121400:   0000000000000000 0000700008121470
0x0000700008121410:   0000700008121460 000000010f51e482
0x0000700008121420:   00000007400027e8 0000000100000000
0x0000700008121430:   000000079a5b9ff0 000000011154e098
0x0000700008121440:   000000079a5ba580 00000007974cb770
0x0000700008121450:   00007000f34b73fe 00007fe5ffea0000
0x0000700008121460:   00007000081214b0 000000010f8bf471
0x0000700008121470:   00000007974ed1c8 0000000797510e78
0x0000700008121480:   00007000081214a0 000000010eaadc4d
0x0000700008121490:   00007fe5ffea0000 00007fe5ffea0000
0x00007000081214a0:   0000000000000001 000000010ea5d1a3
0x00007000081214b0:   0000000000000000 0000000111a38f30
0x00007000081214c0:   f34b73c8f2ea22d1 00000007f34b73fe
0x00007000081214d0:   00000007c0a6bb80 000000079a5b9ff0
0x00007000081214e0:   000000079a5b9e40 000000079a5b9f50
0x00007000081214f0:   0000000000000007 000000079a5b9ff0
0x0000700008121500:   0000000797511688 000000079a5ba580
0x0000700008121510:   f2e9da39f2ea21cf f2e9da399a5b9958
0x0000700008121520:   00000007c0b8ba18 000000079928e818
0x0000700008121530:   000000079928d358 0000000000000001
0x0000700008121540:   000000079928e830 000000079928d4f0 

Instructions: (pc=0x000000010f51eeb9)
0x000000010f51ee99:   49 8b 7f 38 e8 50 1b 00 00 4d 89 77 38 49 89 5f
0x000000010f51eea9:   40 4c 89 f0 48 85 c0 0f 84 11 05 00 00 48 89 c3
0x000000010f51eeb9:   0f b6 43 0c 0f b6 4b 0d 48 c1 e1 08 48 01 c1 0f
0x000000010f51eec9:   b6 43 0e 0f b6 53 0f 48 c1 e2 08 48 01 c2 48 c1 

Register to memory mapping:

RAX=0x00007fe605134160 is an unknown value
RBX=0x000000012068fbb6 is an unknown value
RCX=0x0000000000000001 is an unknown value
RDX=0x0000000000000a00 is an unknown value
RSP=0x0000700008121350 is pointing into the stack for thread: 0x00007fe5ffea0000
RBP=0x00007000081213b0 is pointing into the stack for thread: 0x00007fe5ffea0000
RSI=0x0000000000000040 is an unknown value
RDI=0x0000000000000a6f is an unknown value
R8 =0x0000000000000048 is an unknown value
R9 =0x00007fe6017a6e10 is an unknown value
R10=0x00000000ffffffc0 is an unknown value
R11=0x0000000000000007 is an unknown value
R12=0x0000000000000000 is an unknown value
R13=0x00000007974cb770 is an oop
scala.tools.nsc.util.JavaClassPath 
 - klass: 'scala/tools/nsc/util/JavaClassPath'
R14=0x00007fe605134160 is an unknown value
R15=0x00007fe5ffea0000 is a thread


Stack: [0x0000700008024000,0x0000700008124000],  sp=0x0000700008121350,  free space=1012k
Native frames: (J=compiled Java code, j=interpreted, Vv=VM code, C=native code)
C  [libzip.dylib+0x2eb9]  newEntry+0x154
C  [libzip.dylib+0x3468]  ZIP_GetNextEntry+0x37
C  [libzip.dylib+0x226e]  Java_java_util_zip_ZipFile_getNextEntry+0xe
J 3995  java.util.zip.ZipFile.getNextEntry(JI)J (0 bytes) @ 0x000000010f6869b6 [0x000000010f686900+0xb6]
J 14199 C2 java.util.zip.ZipFile$ZipEntryIterator.nextElement()Ljava/lang/Object; (5 bytes) @ 0x000000011154e098 [0x000000011154dfc0+0xd8]

Java frames: (J=compiled Java code, j=interpreted, Vv=VM code)
J 3995  java.util.zip.ZipFile.getNextEntry(JI)J (0 bytes) @ 0x000000010f686944 [0x000000010f686900+0x44]
J 14199 C2 java.util.zip.ZipFile$ZipEntryIterator.nextElement()Ljava/lang/Object; (5 bytes) @ 0x000000011154e098 [0x000000011154dfc0+0xd8]
J 22311 C2 scala.reflect.io.FileZipArchive.x$1$lzycompute()Lscala/Tuple2; (233 bytes) @ 0x0000000111a38f30 [0x0000000111a37d40+0x11f0]
J 18720 C1 scala.reflect.io.FileZipArchive.root$lzycompute()Lscala/reflect/io/ZipArchive$DirEntry; (54 bytes) @ 0x0000000111f406f4 [0x0000000111f404e0+0x214]
J 18718 C1 scala.reflect.io.FileZipArchive.iterator()Lscala/collection/Iterator; (8 bytes) @ 0x0000000111f578e4 [0x0000000111f57760+0x184]
J 25102 C2 scala.tools.nsc.util.DirectoryClassPath.packages()Lscala/collection/IndexedSeq; (5 bytes) @ 0x000000011220723c [0x0000000112206f00+0x33c]
J 28877 C2 scala.tools.nsc.util.MergedClassPath$$anonfun$packages$1.apply(Ljava/lang/Object;)Ljava/lang/Object; (12 bytes) @ 0x0000000113c4fd48 [0x0000000113c4fd00+0x48]
J 15562 C2 scala.collection.AbstractIterator.foreach(Lscala/Function1;)V (6 bytes) @ 0x0000000110be125c [0x0000000110be11e0+0x7c]
J 16979 C2 scala.collection.AbstractIterable.foreach(Lscala/Function1;)V (6 bytes) @ 0x0000000111941b78 [0x0000000111941b20+0x58]
J 30386 C2 scala.tools.nsc.util.MergedClassPath.packages()Lscala/collection/IndexedSeq; (23 bytes) @ 0x0000000114135520 [0x0000000114134fc0+0x560]
J 18795 C1 scala.tools.nsc.symtab.SymbolLoaders$PackageLoader$$anonfun$doComplete$1.apply$mcV$sp()V (126 bytes) @ 0x0000000111fb8464 [0x0000000111fb78a0+0xbc4]
J 26372 C1 scala.tools.nsc.symtab.SymbolLoaders$PackageLoader.doComplete(Lscala/reflect/internal/Symbols$Symbol;)V (68 bytes) @ 0x00000001135a8b74 [0x00000001135a7160+0x1a14]
J 23021 C2 scala.tools.nsc.symtab.SymbolLoaders$SymbolLoader.complete(Lscala/reflect/internal/Symbols$Symbol;)V (172 bytes) @ 0x0000000112f9397c [0x0000000112f93900+0x7c]
J 9648 C2 scala.reflect.internal.Symbols$Symbol.info()Lscala/reflect/internal/Types$Type; (369 bytes) @ 0x0000000110ad3d28 [0x0000000110ad3be0+0x148]
j  scala.reflect.internal.Mirrors$RootsBase.init()V+71
j  scala.tools.nsc.Global.rootMirror$lzycompute()Lscala/reflect/internal/Mirrors$RootsBase;+25
J 16527 C2 scala.tools.nsc.Global.rootMirror()Lscala/reflect/api/Mirror; (5 bytes) @ 0x000000011152a33c [0x000000011152a2e0+0x5c]
j  scala.reflect.internal.Definitions$DefinitionsClass.ObjectClass$lzycompute()Lscala/reflect/internal/Symbols$ClassSymbol;+22
J 22314 C2 scala.reflect.internal.Definitions$DefinitionsClass.ObjectClass()Lscala/reflect/internal/Symbols$ClassSymbol; (25 bytes) @ 0x000000011278fff8 [0x000000011278ffa0+0x58]
j  scala.reflect.internal.Definitions$DefinitionsClass.init()V+9
j  scala.tools.nsc.Global$Run.<init>(Lscala/tools/nsc/Global;)V+134
j  xsbt.CachedCompiler0$$anon$2.<init>(Lxsbt/CachedCompiler0;Lxsbti/compile/CompileProgress;)V+21
j  xsbt.CachedCompiler0.run(Lscala/collection/immutable/List;Lxsbti/compile/DependencyChanges;Lxsbti/AnalysisCallback;Lxsbti/Logger;Lxsbt/DelegatingReporter;Lxsbti/compile/CompileProgress;)V+104
j  xsbt.CachedCompiler0.run([Ljava/io/File;Lxsbti/compile/DependencyChanges;Lxsbti/AnalysisCallback;Lxsbti/Logger;Lxsbti/Reporter;Lxsbti/compile/CompileProgress;)V+54
j  xsbt.CompilerInterface.run([Ljava/io/File;Lxsbti/compile/DependencyChanges;Lxsbti/AnalysisCallback;Lxsbti/Logger;Lxsbti/Reporter;Lxsbti/compile/CompileProgress;Lxsbti/compile/CachedCompiler;)V+11
v  ~StubRoutines::call_stub
J 24871  sun.reflect.NativeMethodAccessorImpl.invoke0(Ljava/lang/reflect/Method;Ljava/lang/Object;[Ljava/lang/Object;)Ljava/lang/Object; (0 bytes) @ 0x000000011243e337 [0x000000011243e2c0+0x77]
J 24870 C1 sun.reflect.NativeMethodAccessorImpl.invoke(Ljava/lang/Object;[Ljava/lang/Object;)Ljava/lang/Object; (104 bytes) @ 0x00000001116e4054 [0x00000001116e2e80+0x11d4]
J 27000 C2 java.lang.reflect.Method.invoke(Ljava/lang/Object;[Ljava/lang/Object;)Ljava/lang/Object; (62 bytes) @ 0x000000011034b53c [0x000000011034b340+0x1fc]
j  sbt.compiler.AnalyzingCompiler.call(Ljava/lang/String;Ljava/lang/String;Lsbt/Logger;Lscala/collection/Seq;Lscala/collection/Seq;)Ljava/lang/Object;+61
j  sbt.compiler.AnalyzingCompiler.compile(Lscala/collection/Seq;Lxsbti/compile/DependencyChanges;Lxsbti/AnalysisCallback;Lsbt/Logger;Lxsbti/Reporter;Lxsbti/compile/CompileProgress;Lxsbti/compile/CachedCompiler;)V+157
j  sbt.compiler.AnalyzingCompiler.compile(Lscala/collection/Seq;Lxsbti/compile/DependencyChanges;Lscala/collection/Seq;Lxsbti/compile/Output;Lxsbti/AnalysisCallback;Lxsbti/Reporter;Lxsbti/compile/GlobalsCache;Lsbt/Logger;Lscala/Option;)V+78
j  sbt.compiler.MixedAnalyzingCompiler$$anonfun$compileScala$1$1.apply$mcV$sp()V+76
j  sbt.compiler.MixedAnalyzingCompiler$$anonfun$compileScala$1$1.apply()V+1
j  sbt.compiler.MixedAnalyzingCompiler$$anonfun$compileScala$1$1.apply()Ljava/lang/Object;+1
j  sbt.compiler.MixedAnalyzingCompiler.timed(Ljava/lang/String;Lsbt/Logger;Lscala/Function0;)Ljava/lang/Object;+6
j  sbt.compiler.MixedAnalyzingCompiler.compileScala$1(Lxsbti/compile/DependencyChanges;Lxsbti/AnalysisCallback;Lscala/collection/Seq;Lscala/collection/Seq;)V+108
j  sbt.compiler.MixedAnalyzingCompiler.compile(Lscala/collection/immutable/Set;Lxsbti/compile/DependencyChanges;Lxsbti/AnalysisCallback;)V+215
j  sbt.compiler.IC$$anonfun$compileInternal$1.apply(Lscala/collection/immutable/Set;Lxsbti/compile/DependencyChanges;Lxsbti/AnalysisCallback;)V+7
j  sbt.compiler.IC$$anonfun$compileInternal$1.apply(Ljava/lang/Object;Ljava/lang/Object;Ljava/lang/Object;)Ljava/lang/Object;+13
j  sbt.inc.IncrementalCompile$$anonfun$doCompile$1.apply(Lscala/collection/immutable/Set;Lxsbti/compile/DependencyChanges;)Lsbt/inc/Analysis;+35
j  sbt.inc.IncrementalCompile$$anonfun$doCompile$1.apply(Ljava/lang/Object;Ljava/lang/Object;)Ljava/lang/Object;+9
j  sbt.inc.IncrementalCommon.cycle(Lscala/collection/immutable/Set;Lscala/collection/immutable/Set;Lxsbti/compile/DependencyChanges;Lsbt/inc/Analysis;Lscala/Function2;Lsbt/inc/ClassfileManager;I)Lsbt/inc/Analysis;+77
j  sbt.inc.Incremental$$anonfun$1.apply(Lsbt/inc/ClassfileManager;)Lsbt/inc/Analysis;+26
j  sbt.inc.Incremental$$anonfun$1.apply(Ljava/lang/Object;)Ljava/lang/Object;+5
j  sbt.inc.Incremental$.manageClassfiles(Lsbt/inc/IncOptions;Lscala/Function1;)Ljava/lang/Object;+15
j  sbt.inc.Incremental$.compile(Lscala/collection/immutable/Set;Lscala/Function1;Lsbt/inc/Analysis;Lsbt/inc/ReadStamps;Lscala/Function1;Lscala/Function2;Lsbt/Logger;Lsbt/inc/IncOptions;Lscala/math/Equiv;)Lscala/Tuple2;+135
j  sbt.inc.IncrementalCompile$.apply(Lscala/collection/immutable/Set;Lscala/Function1;Lscala/Function3;Lsbt/inc/Analysis;Lscala/Function1;Lxsbti/compile/Output;Lsbt/Logger;Lsbt/inc/IncOptions;)Lscala/Tuple2;+82
j  sbt.compiler.IC$.compileInternal(Lsbt/compiler/MixedAnalyzingCompiler;Lxsbti/Logger;Lscala/math/Equiv;)Lscala/Tuple2;+224
j  sbt.compiler.IC$.incrementalCompile(Lsbt/compiler/AnalyzingCompiler;Lxsbti/compile/JavaCompiler;Lscala/collection/Seq;Lscala/collection/Seq;Lxsbti/compile/Output;Lxsbti/compile/GlobalsCache;Lscala/Option;Lscala/collection/Seq;Lscala/collection/Seq;Lsbt/inc/Analysis;Lscala/Option;Lscala/Function1;Lscala/Function1;Lxsbti/Reporter;Lxsbti/compile/CompileOrder;ZLsbt/inc/IncOptions;Lxsbti/Logger;)Lsbt/compiler/IC$Result;+105
j  sbt.Compiler$.compile(Lsbt/Compiler$InputsWithPrevious;Lsbt/Logger;Lxsbti/Reporter;)Lsbt/compiler/IC$Result;+186
j  sbt.Compiler$.compile(Lsbt/Compiler$InputsWithPrevious;Lsbt/Logger;)Lsbt/compiler/IC$Result;+31
j  sbt.Defaults$.sbt$Defaults$$compileIncrementalTaskImpl(Lsbt/std/TaskStreams;Lsbt/Compiler$Inputs;Lsbt/Compiler$PreviousAnalysis;Lscala/Option;)Lsbt/compiler/IC$Result;+146
j  sbt.Defaults$$anonfun$compileIncrementalTask$1.apply(Lscala/Tuple4;)Lsbt/compiler/IC$Result;+43
j  sbt.Defaults$$anonfun$compileIncrementalTask$1.apply(Ljava/lang/Object;)Ljava/lang/Object;+5
J 18312 C2 sbt.$tilde$greater$$anonfun$$u2219$1.apply(Ljava/lang/Object;)Ljava/lang/Object; (27 bytes) @ 0x000000010fcdf534 [0x000000010fcdf4a0+0x94]
J 20249 C2 sbt.std.Transform$$anon$4.work(Ljava/lang/Object;)Lscala/util/Either; (14 bytes) @ 0x0000000110f03828 [0x0000000110f037e0+0x48]
J 23783 C2 java.util.concurrent.FutureTask.run()V (126 bytes) @ 0x000000011302b8ec [0x000000011302b0a0+0x84c]
J 23898 C2 java.util.concurrent.ThreadPoolExecutor.runWorker(Ljava/util/concurrent/ThreadPoolExecutor$Worker;)V (225 bytes) @ 0x00000001114304d4 [0x00000001114301e0+0x2f4]
J 20312 C2 java.lang.Thread.run()V (17 bytes) @ 0x0000000111415334 [0x00000001114152e0+0x54]
v  ~StubRoutines::call_stub

---------------  P R O C E S S  ---------------

Java Threads: ( => current thread )
  0x00007fe6002c8800 JavaThread "pool-16874-thread-9" [_thread_blocked, id=27071, stack(0x0000700008127000,0x0000700008227000)]
=>0x00007fe5ffea0000 JavaThread "pool-16874-thread-8" [_thread_in_native, id=26607, stack(0x0000700008024000,0x0000700008124000)]
  0x00007fe600681800 JavaThread "pool-16874-thread-7" [_thread_blocked, id=25667, stack(0x0000700007f21000,0x0000700008021000)]
  0x00007fe605917800 JavaThread "pool-16874-thread-6" [_thread_blocked, id=22735, stack(0x0000700007e1e000,0x0000700007f1e000)]
  0x00007fe6026dd000 JavaThread "pool-16874-thread-5" [_thread_blocked, id=25031, stack(0x0000700007d1b000,0x0000700007e1b000)]
  0x00007fe6091cd800 JavaThread "pool-16874-thread-4" [_thread_blocked, id=29671, stack(0x0000700007c18000,0x0000700007d18000)]
  0x00007fe600c17800 JavaThread "pool-16874-thread-3" [_thread_blocked, id=27175, stack(0x0000700007b15000,0x0000700007c15000)]
  0x00007fe5ffee3000 JavaThread "pool-16874-thread-2" [_thread_blocked, id=24103, stack(0x000070000790f000,0x0000700007a0f000)]
  0x00007fe5ffaba000 JavaThread "pool-16874-thread-1" [_thread_blocked, id=28803, stack(0x000070000780c000,0x000070000790c000)]
  0x00007fe6027f7800 JavaThread "process reaper" daemon [_thread_blocked, id=15651, stack(0x000070000629f000,0x00007000062c7000)]
  0x00007fe5ff8c9800 JavaThread "sbt-web-akka.actor.default-dispatcher-4" [_thread_blocked, id=26639, stack(0x0000700007a12000,0x0000700007b12000)]
  0x00007fe5ff634000 JavaThread "sbt-web-scheduler-1" [_thread_blocked, id=25103, stack(0x0000700007709000,0x0000700007809000)]
  0x00007fe5fb030000 JavaThread "Service Thread" daemon [_thread_blocked, id=21251, stack(0x00007000074d8000,0x00007000075d8000)]
  0x00007fe5fa828800 JavaThread "C1 CompilerThread3" daemon [_thread_blocked, id=20739, stack(0x00007000073d5000,0x00007000074d5000)]
  0x00007fe5fb02d800 JavaThread "C2 CompilerThread2" daemon [_thread_blocked, id=20227, stack(0x00007000072d2000,0x00007000073d2000)]
  0x00007fe5fa827800 JavaThread "C2 CompilerThread1" daemon [_thread_blocked, id=19715, stack(0x00007000071cf000,0x00007000072cf000)]
  0x00007fe5fa006000 JavaThread "C2 CompilerThread0" daemon [_thread_blocked, id=19203, stack(0x00007000070cc000,0x00007000071cc000)]
  0x00007fe5fb003000 JavaThread "Signal Dispatcher" daemon [_thread_blocked, id=18691, stack(0x0000700006fc9000,0x00007000070c9000)]
  0x00007fe5fa005000 JavaThread "Finalizer" daemon [_thread_blocked, id=14595, stack(0x0000700006ec6000,0x0000700006fc6000)]
  0x00007fe5fa00b000 JavaThread "Reference Handler" daemon [_thread_blocked, id=14083, stack(0x0000700006dc3000,0x0000700006ec3000)]
  0x00007fe5fb800000 JavaThread "main" [_thread_blocked, id=7171, stack(0x00007000063a5000,0x00007000064a5000)]

Other Threads:
  0x00007fe5fb814800 VMThread [stack: 0x0000700006cc0000,0x0000700006dc0000] [id=13571]
  0x00007fe5fb85d800 WatcherThread [stack: 0x00007000075db000,0x00007000076db000] [id=21763]

VM state:not at safepoint (normal execution)

VM Mutex/Monitor currently owned by a thread: None

Heap:
 PSYoungGen      total 485376K, used 147205K [0x0000000795580000, 0x00000007ba100000, 0x00000007c0000000)
  eden space 396800K, 20% used [0x0000000795580000,0x000000079a6075a8,0x00000007ad900000)
  from space 88576K, 73% used [0x00000007b3700000,0x00000007b7639ff0,0x00000007b8d80000)
  to   space 96256K, 0% used [0x00000007ad900000,0x00000007ad900000,0x00000007b3700000)
 ParOldGen       total 741888K, used 457926K [0x0000000740000000, 0x000000076d480000, 0x0000000795580000)
  object space 741888K, 61% used [0x0000000740000000,0x000000075bf31868,0x000000076d480000)
 Metaspace       used 109122K, capacity 111653K, committed 111820K, reserved 1140736K
  class space    used 19425K, capacity 20416K, committed 20480K, reserved 1048576K

Card table byte_map: [0x0000000117725000,0x0000000117b26000] byte_map_base: 0x0000000113d25000

Marking Bits: (ParMarkBitMap*) 0x000000010ee9d390
 Begin Bits: [0x0000000117dd1000, 0x0000000119dd1000)
 End Bits:   [0x0000000119dd1000, 0x000000011bdd1000)

Polling page: 0x000000010d5f4000

CodeCache: size=131072Kb used=77689Kb max_used=78483Kb free=53382Kb
 bounds [0x000000010f525000, 0x0000000114285000, 0x0000000117525000]
 total_blobs=21489 nmethods=20938 adapters=458
 compilation: enabled

Compilation events (10 events):
Event: 26947.110 Thread 0x00007fe5fa828800 30666       3       scala.xml.UnprefixedAttribute::<init> (36 bytes)
Event: 26947.111 Thread 0x00007fe5fa828800 nmethod 30666 0x0000000111557f50 code [0x0000000111558100, 0x0000000111558698]
Event: 26947.141 Thread 0x00007fe5fa828800 30672       3       scala.collection.immutable.VectorBuilder::gotoNextBlockStartWritable (7 bytes)
Event: 26947.141 Thread 0x00007fe5fa828800 nmethod 30672 0x000000011265b290 code [0x000000011265b400, 0x000000011265b588]
Event: 26947.141 Thread 0x00007fe5fa828800 30668       2       scala.xml.Attribute$class::$init$ (1 bytes)
Event: 26947.141 Thread 0x00007fe5fa828800 nmethod 30668 0x0000000110e7e4d0 code [0x0000000110e7e620, 0x0000000110e7e750]
Event: 26947.141 Thread 0x00007fe5fa828800 30665       1       xsbt.boot.Launch$$anon$6::launcher (5 bytes)
Event: 26947.141 Thread 0x00007fe5fa828800 nmethod 30665 0x0000000111db4010 code [0x0000000111db4160, 0x0000000111db4270]
Event: 26947.141 Thread 0x00007fe5fa828800 30671       1       sbt.inc.IncOptions::relationsDebug (5 bytes)
Event: 26947.142 Thread 0x00007fe5fa828800 nmethod 30671 0x0000000113ae1090 code [0x0000000113ae11e0, 0x0000000113ae12f0]

GC Heap History (10 events):
Event: 26348.162 GC heap before
{Heap before GC invocations=430 (full 4):
 PSYoungGen      total 375296K, used 375268K [0x0000000795580000, 0x00000007b2800000, 0x00000007c0000000)
  eden space 358912K, 100% used [0x0000000795580000,0x00000007ab400000,0x00000007ab400000)
  from space 16384K, 99% used [0x00000007b0800000,0x00000007b17f9358,0x00000007b1800000)
  to   space 16384K, 0% used [0x00000007b1800000,0x00000007b1800000,0x00000007b2800000)
 ParOldGen       total 741888K, used 378269K [0x0000000740000000, 0x000000076d480000, 0x0000000795580000)
  object space 741888K, 50% used [0x0000000740000000,0x0000000757167590,0x000000076d480000)
 Metaspace       used 108289K, capacity 110585K, committed 110796K, reserved 1140736K
  class space    used 19191K, capacity 20104K, committed 20224K, reserved 1048576K
Event: 26348.271 GC heap after
Heap after GC invocations=430 (full 4):
 PSYoungGen      total 369152K, used 16363K [0x0000000795580000, 0x00000007b2800000, 0x00000007c0000000)
  eden space 352768K, 0% used [0x0000000795580000,0x0000000795580000,0x00000007aae00000)
  from space 16384K, 99% used [0x00000007b1800000,0x00000007b27fac78,0x00000007b2800000)
  to   space 42496K, 0% used [0x00000007ad500000,0x00000007ad500000,0x00000007afe80000)
 ParOldGen       total 741888K, used 394211K [0x0000000740000000, 0x000000076d480000, 0x0000000795580000)
  object space 741888K, 53% used [0x0000000740000000,0x00000007580f8dc8,0x000000076d480000)
 Metaspace       used 108289K, capacity 110585K, committed 110796K, reserved 1140736K
  class space    used 19191K, capacity 20104K, committed 20224K, reserved 1048576K
}
Event: 26348.794 GC heap before
{Heap before GC invocations=431 (full 4):
 PSYoungGen      total 369152K, used 369131K [0x0000000795580000, 0x00000007b2800000, 0x00000007c0000000)
  eden space 352768K, 100% used [0x0000000795580000,0x00000007aae00000,0x00000007aae00000)
  from space 16384K, 99% used [0x00000007b1800000,0x00000007b27fac78,0x00000007b2800000)
  to   space 42496K, 0% used [0x00000007ad500000,0x00000007ad500000,0x00000007afe80000)
 ParOldGen       total 741888K, used 394211K [0x0000000740000000, 0x000000076d480000, 0x0000000795580000)
  object space 741888K, 53% used [0x0000000740000000,0x00000007580f8dc8,0x000000076d480000)
 Metaspace       used 108289K, capacity 110585K, committed 110796K, reserved 1140736K
  class space    used 19191K, capacity 20104K, committed 20224K, reserved 1048576K
Event: 26348.855 GC heap after
Heap after GC invocations=431 (full 4):
 PSYoungGen      total 435200K, used 23099K [0x0000000795580000, 0x00000007b2b00000, 0x00000007c0000000)
  eden space 392704K, 0% used [0x0000000795580000,0x0000000795580000,0x00000007ad500000)
  from space 42496K, 54% used [0x00000007ad500000,0x00000007aeb8ec88,0x00000007afe80000)
  to   space 43520K, 0% used [0x00000007b0080000,0x00000007b0080000,0x00000007b2b00000)
 ParOldGen       total 741888K, used 394211K [0x0000000740000000, 0x000000076d480000, 0x0000000795580000)
  object space 741888K, 53% used [0x0000000740000000,0x00000007580f8dc8,0x000000076d480000)
 Metaspace       used 108289K, capacity 110585K, committed 110796K, reserved 1140736K
  class space    used 19191K, capacity 20104K, committed 20224K, reserved 1048576K
}
Event: 26350.692 GC heap before
{Heap before GC invocations=432 (full 4):
 PSYoungGen      total 435200K, used 415803K [0x0000000795580000, 0x00000007b2b00000, 0x00000007c0000000)
  eden space 392704K, 100% used [0x0000000795580000,0x00000007ad500000,0x00000007ad500000)
  from space 42496K, 54% used [0x00000007ad500000,0x00000007aeb8ec88,0x00000007afe80000)
  to   space 43520K, 0% used [0x00000007b0080000,0x00000007b0080000,0x00000007b2b00000)
 ParOldGen       total 741888K, used 394211K [0x0000000740000000, 0x000000076d480000, 0x0000000795580000)
  object space 741888K, 53% used [0x0000000740000000,0x00000007580f8dc8,0x000000076d480000)
 Metaspace       used 108870K, capacity 111285K, committed 111436K, reserved 1140736K
  class space    used 19335K, capacity 20272K, committed 20352K, reserved 1048576K
Event: 26350.818 GC heap after
Heap after GC invocations=432 (full 4):
 PSYoungGen      total 405504K, used 43499K [0x0000000795580000, 0x00000007b9a00000, 0x00000007c0000000)
  eden space 361984K, 0% used [0x0000000795580000,0x0000000795580000,0x00000007ab700000)
  from space 43520K, 99% used [0x00000007b0080000,0x00000007b2afacb8,0x00000007b2b00000)
  to   space 75264K, 0% used [0x00000007ab700000,0x00000007ab700000,0x00000007b0080000)
 ParOldGen       total 741888K, used 457926K [0x0000000740000000, 0x000000076d480000, 0x0000000795580000)
  object space 741888K, 61% used [0x0000000740000000,0x000000075bf31868,0x000000076d480000)
 Metaspace       used 108870K, capacity 111285K, committed 111436K, reserved 1140736K
  class space    used 19335K, capacity 20272K, committed 20352K, reserved 1048576K
}
Event: 26946.282 GC heap before
{Heap before GC invocations=433 (full 4):
 PSYoungGen      total 405504K, used 405483K [0x0000000795580000, 0x00000007b9a00000, 0x00000007c0000000)
  eden space 361984K, 100% used [0x0000000795580000,0x00000007ab700000,0x00000007ab700000)
  from space 43520K, 99% used [0x00000007b0080000,0x00000007b2afacb8,0x00000007b2b00000)
  to   space 75264K, 0% used [0x00000007ab700000,0x00000007ab700000,0x00000007b0080000)
 ParOldGen       total 741888K, used 457926K [0x0000000740000000, 0x000000076d480000, 0x0000000795580000)
  object space 741888K, 61% used [0x0000000740000000,0x000000075bf31868,0x000000076d480000)
 Metaspace       used 108979K, capacity 111497K, committed 111692K, reserved 1140736K
  class space    used 19357K, capacity 20344K, committed 20352K, reserved 1048576K
Event: 26946.351 GC heap after
Heap after GC invocations=433 (full 4):
 PSYoungGen      total 437248K, used 73595K [0x0000000795580000, 0x00000007b8d80000, 0x00000007c0000000)
  eden space 361984K, 0% used [0x0000000795580000,0x0000000795580000,0x00000007ab700000)
  from space 75264K, 97% used [0x00000007ab700000,0x00000007afedec98,0x00000007b0080000)
  to   space 88576K, 0% used [0x00000007b3700000,0x00000007b3700000,0x00000007b8d80000)
 ParOldGen       total 741888K, used 457926K [0x0000000740000000, 0x000000076d480000, 0x0000000795580000)
  object space 741888K, 61% used [0x0000000740000000,0x000000075bf31868,0x000000076d480000)
 Metaspace       used 108979K, capacity 111497K, committed 111692K, reserved 1140736K
  class space    used 19357K, capacity 20344K, committed 20352K, reserved 1048576K
}
Event: 26947.051 GC heap before
{Heap before GC invocations=434 (full 4):
 PSYoungGen      total 437248K, used 435579K [0x0000000795580000, 0x00000007b8d80000, 0x00000007c0000000)
  eden space 361984K, 100% used [0x0000000795580000,0x00000007ab700000,0x00000007ab700000)
  from space 75264K, 97% used [0x00000007ab700000,0x00000007afedec98,0x00000007b0080000)
  to   space 88576K, 0% used [0x00000007b3700000,0x00000007b3700000,0x00000007b8d80000)
 ParOldGen       total 741888K, used 457926K [0x0000000740000000, 0x000000076d480000, 0x0000000795580000)
  object space 741888K, 61% used [0x0000000740000000,0x000000075bf31868,0x000000076d480000)
 Metaspace       used 108986K, capacity 111497K, committed 111692K, reserved 1140736K
  class space    used 19357K, capacity 20344K, committed 20352K, reserved 1048576K
Event: 26947.098 GC heap after
Heap after GC invocations=434 (full 4):
 PSYoungGen      total 485376K, used 64743K [0x0000000795580000, 0x00000007ba100000, 0x00000007c0000000)
  eden space 396800K, 0% used [0x0000000795580000,0x0000000795580000,0x00000007ad900000)
  from space 88576K, 73% used [0x00000007b3700000,0x00000007b7639ff0,0x00000007b8d80000)
  to   space 96256K, 0% used [0x00000007ad900000,0x00000007ad900000,0x00000007b3700000)
 ParOldGen       total 741888K, used 457926K [0x0000000740000000, 0x000000076d480000, 0x0000000795580000)
  object space 741888K, 61% used [0x0000000740000000,0x000000075bf31868,0x000000076d480000)
 Metaspace       used 108986K, capacity 111497K, committed 111692K, reserved 1140736K
  class space    used 19357K, capacity 20344K, committed 20352K, reserved 1048576K
}

Deoptimization events (10 events):
Event: 26354.965 Thread 0x00007fe602bd0000 Uncommon trap: reason=array_check action=maybe_recompile pc=0x000000011407c39c method=java.util.Arrays.fill([Ljava/lang/Object;IILjava/lang/Object;)V @ 20
Event: 26916.759 Thread 0x00007fe5fb800000 Uncommon trap: reason=class_check action=maybe_recompile pc=0x0000000114211f68 method=sbt.Util$.separate(Lscala/collection/Seq;Lscala/Function1;)Lscala/Tuple2; @ 81
Event: 26916.759 Thread 0x00007fe5fb800000 Uncommon trap: reason=class_check action=maybe_recompile pc=0x0000000114211f68 method=sbt.Util$.separate(Lscala/collection/Seq;Lscala/Function1;)Lscala/Tuple2; @ 81
Event: 26916.761 Thread 0x00007fe5fb800000 Uncommon trap: reason=class_check action=maybe_recompile pc=0x0000000114211f68 method=sbt.Util$.separate(Lscala/collection/Seq;Lscala/Function1;)Lscala/Tuple2; @ 81
Event: 26916.761 Thread 0x00007fe5fb800000 Uncommon trap: reason=class_check action=maybe_recompile pc=0x0000000114211f68 method=sbt.Util$.separate(Lscala/collection/Seq;Lscala/Function1;)Lscala/Tuple2; @ 81
Event: 26944.425 Thread 0x00007fe5fb800000 Uncommon trap: reason=bimorphic action=maybe_recompile pc=0x0000000110b7bb9c method=scala.util.Either$LeftProjection.map(Lscala/Function1;)Lscala/util/Either; @ 26
Event: 26947.128 Thread 0x00007fe5ffaba000 Uncommon trap: reason=unloaded action=reinterpret pc=0x0000000110951228 method=sun.misc.IOUtils.readFully(Ljava/io/InputStream;IZ)[B @ 99
Event: 26947.132 Thread 0x00007fe5ffea0000 Uncommon trap: reason=speculate_class_check action=maybe_recompile pc=0x000000011408e8a0 method=scala.collection.immutable.Stream$$anonfun$map$1.apply()Lscala/collection/immutable/Stream; @ 46
Event: 26947.132 Thread 0x00007fe5ffea0000 Uncommon trap: reason=speculate_class_check action=maybe_recompile pc=0x00000001133c6e64 method=scala.collection.TraversableOnce$class.nonEmpty(Lscala/collection/TraversableOnce;)Z @ 1
Event: 26947.133 Thread 0x00007fe5ffea0000 Uncommon trap: reason=speculate_class_check action=maybe_recompile pc=0x00000001133c6e64 method=scala.collection.TraversableOnce$class.nonEmpty(Lscala/collection/TraversableOnce;)Z @ 1

Internal exceptions (10 events):
Event: 26947.163 Thread 0x00007fe5ffea0000 Exception <a 'java/security/PrivilegedActionException'> (0x000000079749e360) thrown at [/HUDSON3/workspace/8-2-build-macosx-x86_64/jdk8u25/1514/hotspot/src/share/vm/prims/jvm.cpp, line 1312]
Event: 26947.163 Thread 0x00007fe5ffea0000 Exception <a 'java/security/PrivilegedActionException'> (0x00000007974a4f30) thrown at [/HUDSON3/workspace/8-2-build-macosx-x86_64/jdk8u25/1514/hotspot/src/share/vm/prims/jvm.cpp, line 1312]
Event: 26947.163 Thread 0x00007fe5ffea0000 Exception <a 'java/security/PrivilegedActionException'> (0x00000007974a5800) thrown at [/HUDSON3/workspace/8-2-build-macosx-x86_64/jdk8u25/1514/hotspot/src/share/vm/prims/jvm.cpp, line 1312]
Event: 26947.163 Thread 0x00007fe5ffea0000 Exception <a 'java/security/PrivilegedActionException'> (0x00000007974a6a30) thrown at [/HUDSON3/workspace/8-2-build-macosx-x86_64/jdk8u25/1514/hotspot/src/share/vm/prims/jvm.cpp, line 1312]
Event: 26947.163 Thread 0x00007fe5ffea0000 Exception <a 'java/security/PrivilegedActionException'> (0x00000007974b84a0) thrown at [/HUDSON3/workspace/8-2-build-macosx-x86_64/jdk8u25/1514/hotspot/src/share/vm/prims/jvm.cpp, line 1312]
Event: 26947.163 Thread 0x00007fe5ffea0000 Exception <a 'java/security/PrivilegedActionException'> (0x00000007974b8d20) thrown at [/HUDSON3/workspace/8-2-build-macosx-x86_64/jdk8u25/1514/hotspot/src/share/vm/prims/jvm.cpp, line 1312]
Event: 26947.163 Thread 0x00007fe5ffea0000 Exception <a 'java/security/PrivilegedActionException'> (0x00000007974b9e10) thrown at [/HUDSON3/workspace/8-2-build-macosx-x86_64/jdk8u25/1514/hotspot/src/share/vm/prims/jvm.cpp, line 1312]
Event: 26947.163 Thread 0x00007fe5ffea0000 Exception <a 'java/security/PrivilegedActionException'> (0x00000007974bd808) thrown at [/HUDSON3/workspace/8-2-build-macosx-x86_64/jdk8u25/1514/hotspot/src/share/vm/prims/jvm.cpp, line 1312]
Event: 26947.163 Thread 0x00007fe5ffea0000 Exception <a 'java/security/PrivilegedActionException'> (0x00000007974be3a8) thrown at [/HUDSON3/workspace/8-2-build-macosx-x86_64/jdk8u25/1514/hotspot/src/share/vm/prims/jvm.cpp, line 1312]
Event: 26947.164 Thread 0x00007fe5ffea0000 Exception <a 'java/security/PrivilegedActionException'> (0x00000007974bf948) thrown at [/HUDSON3/workspace/8-2-build-macosx-x86_64/jdk8u25/1514/hotspot/src/share/vm/prims/jvm.cpp, line 1312]

Events (10 events):
Event: 26947.162 loading class xsbt/Message$
Event: 26947.162 loading class xsbt/Message$ done
Event: 26947.163 loading class xsbt/Message$$anon$1
Event: 26947.163 loading class xsbt/Message$$anon$1 done
Event: 26947.163 loading class xsbt/CachedCompiler0$$anonfun$run$2
Event: 26947.163 loading class xsbt/CachedCompiler0$$anonfun$run$2 done
Event: 26947.163 loading class xsbt/CachedCompiler0$$anon$2
Event: 26947.163 loading class xsbt/CachedCompiler0$$anon$2 done
Event: 26947.163 loading class xsbt/GlobalCompat$RunCompat
Event: 26947.163 loading class xsbt/GlobalCompat$RunCompat done


Dynamic libraries:
0x0000000027fc7000 	/System/Library/Frameworks/Cocoa.framework/Versions/A/Cocoa
0x0000000027fc7000 	/System/Library/Frameworks/Security.framework/Versions/A/Security
0x0000000027fc7000 	/System/Library/Frameworks/ApplicationServices.framework/Versions/A/ApplicationServices
0x0000000027fc7000 	/usr/lib/libz.1.dylib
0x000000010c4c3000 	/usr/lib/libSystem.B.dylib
0x0000000027fc7000 	/usr/lib/libobjc.A.dylib
0x0000000027fc7000 	/System/Library/Frameworks/CoreFoundation.framework/Versions/A/CoreFoundation
0x0000000027fc7000 	/System/Library/Frameworks/Foundation.framework/Versions/C/Foundation
0x0000000027fc7000 	/System/Library/Frameworks/AppKit.framework/Versions/C/AppKit
0x0000000027fc7000 	/System/Library/Frameworks/CoreData.framework/Versions/A/CoreData
0x0000000027fc7000 	/System/Library/PrivateFrameworks/RemoteViewServices.framework/Versions/A/RemoteViewServices
0x0000000027fc7000 	/System/Library/PrivateFrameworks/UIFoundation.framework/Versions/A/UIFoundation
0x0000000027fc7000 	/System/Library/PrivateFrameworks/DFRFoundation.framework/Versions/A/DFRFoundation
0x0000000027fc7000 	/usr/lib/libenergytrace.dylib
0x0000000027fc7000 	/System/Library/PrivateFrameworks/SkyLight.framework/Versions/A/SkyLight
0x0000000027fc7000 	/System/Library/Frameworks/CoreGraphics.framework/Versions/A/CoreGraphics
0x0000000027fc7000 	/usr/lib/libScreenReader.dylib
0x0000000027fc7000 	/System/Library/Frameworks/Accelerate.framework/Versions/A/Accelerate
0x0000000027fc7000 	/System/Library/Frameworks/IOSurface.framework/Versions/A/IOSurface
0x0000000027fc7000 	/System/Library/Frameworks/AudioToolbox.framework/Versions/A/AudioToolbox
0x0000000027fc7000 	/System/Library/Frameworks/AudioUnit.framework/Versions/A/AudioUnit
0x0000000027fc7000 	/System/Library/PrivateFrameworks/DataDetectorsCore.framework/Versions/A/DataDetectorsCore
0x0000000027fc7000 	/System/Library/PrivateFrameworks/DesktopServicesPriv.framework/Versions/A/DesktopServicesPriv
0x0000000027fc7000 	/System/Library/Frameworks/Carbon.framework/Versions/A/Frameworks/HIToolbox.framework/Versions/A/HIToolbox
0x0000000027fc7000 	/usr/lib/libicucore.A.dylib
0x0000000027fc7000 	/System/Library/Frameworks/QuartzCore.framework/Versions/A/QuartzCore
0x0000000027fc7000 	/System/Library/Frameworks/Carbon.framework/Versions/A/Frameworks/SpeechRecognition.framework/Versions/A/SpeechRecognition
0x0000000027fc7000 	/usr/lib/libauto.dylib
0x0000000027fc7000 	/usr/lib/libxml2.2.dylib
0x0000000027fc7000 	/System/Library/PrivateFrameworks/CoreUI.framework/Versions/A/CoreUI
0x0000000027fc7000 	/System/Library/Frameworks/CoreAudio.framework/Versions/A/CoreAudio
0x0000000027fc7000 	/System/Library/Frameworks/DiskArbitration.framework/Versions/A/DiskArbitration
0x0000000027fc7000 	/usr/lib/liblangid.dylib
0x0000000027fc7000 	/System/Library/PrivateFrameworks/MultitouchSupport.framework/Versions/A/MultitouchSupport
0x000000010c4cf000 	/System/Library/Frameworks/IOKit.framework/Versions/A/IOKit
0x0000000027fc7000 	/usr/lib/libDiagnosticMessagesClient.dylib
0x0000000027fc7000 	/System/Library/Frameworks/CoreServices.framework/Versions/A/CoreServices
0x0000000027fc7000 	/System/Library/PrivateFrameworks/PerformanceAnalysis.framework/Versions/A/PerformanceAnalysis
0x0000000027fc7000 	/System/Library/PrivateFrameworks/GenerationalStorage.framework/Versions/A/GenerationalStorage
0x0000000027fc7000 	/System/Library/Frameworks/OpenGL.framework/Versions/A/OpenGL
0x0000000027fc7000 	/System/Library/Frameworks/CoreImage.framework/Versions/A/CoreImage
0x0000000027fc7000 	/System/Library/Frameworks/CoreText.framework/Versions/A/CoreText
0x0000000027fc7000 	/System/Library/Frameworks/ImageIO.framework/Versions/A/ImageIO
0x0000000027fc7000 	/System/Library/PrivateFrameworks/Backup.framework/Versions/A/Backup
0x0000000027fc7000 	/usr/lib/libarchive.2.dylib
0x000000010ca93000 	/System/Library/Frameworks/CFNetwork.framework/Versions/A/CFNetwork
0x0000000027fc7000 	/System/Library/Frameworks/SystemConfiguration.framework/Versions/A/SystemConfiguration
0x0000000027fc7000 	/usr/lib/libCRFSuite.dylib
0x000000010c5a8000 	/usr/lib/libc++.1.dylib
0x0000000027fc7000 	/usr/lib/libc++abi.dylib
0x000000010c65c000 	/usr/lib/system/libcache.dylib
0x0000000027fc7000 	/usr/lib/system/libcommonCrypto.dylib
0x000000010c666000 	/usr/lib/system/libcompiler_rt.dylib
0x000000010c67b000 	/usr/lib/system/libcopyfile.dylib
0x0000000027fc7000 	/usr/lib/system/libcorecrypto.dylib
0x000000010c68a000 	/usr/lib/system/libdispatch.dylib
0x000000010c6f6000 	/usr/lib/system/libdyld.dylib
0x000000010c4ca000 	/usr/lib/system/libkeymgr.dylib
0x000000010c704000 	/usr/lib/system/liblaunch.dylib
0x000000010c70c000 	/usr/lib/system/libmacho.dylib
0x000000010c718000 	/usr/lib/system/libquarantine.dylib
0x000000010c721000 	/usr/lib/system/libremovefile.dylib
0x000000010c728000 	/usr/lib/system/libsystem_asl.dylib
0x000000010c74e000 	/usr/lib/system/libsystem_blocks.dylib
0x000000010c753000 	/usr/lib/system/libsystem_c.dylib
0x000000010c808000 	/usr/lib/system/libsystem_configuration.dylib
0x000000010c813000 	/usr/lib/system/libsystem_coreservices.dylib
0x000000010c81c000 	/usr/lib/system/libsystem_coretls.dylib
0x000000010c840000 	/usr/lib/system/libsystem_dnssd.dylib
0x000000010c84c000 	/usr/lib/system/libsystem_info.dylib
0x000000010c88b000 	/usr/lib/system/libsystem_kernel.dylib
0x000000010c8c5000 	/usr/lib/system/libsystem_m.dylib
0x000000010c919000 	/usr/lib/system/libsystem_malloc.dylib
0x000000010c944000 	/usr/lib/system/libsystem_network.dylib
0x000000010c9be000 	/usr/lib/system/libsystem_networkextension.dylib
0x000000010c9d3000 	/usr/lib/system/libsystem_notify.dylib
0x000000010c9e4000 	/usr/lib/system/libsystem_platform.dylib
0x000000010d17d000 	/usr/lib/system/libsystem_pthread.dylib
0x000000010c9f5000 	/usr/lib/system/libsystem_sandbox.dylib
0x000000010c9ff000 	/usr/lib/system/libsystem_secinit.dylib
0x000000010d194000 	/usr/lib/system/libsystem_symptoms.dylib
0x000000010d1a2000 	/usr/lib/system/libsystem_trace.dylib
0x000000010d1d7000 	/usr/lib/system/libunwind.dylib
0x000000010d1e4000 	/usr/lib/system/libxpc.dylib
0x0000000027fc7000 	/usr/lib/libbsm.0.dylib
0x000000010d22d000 	/usr/lib/system/libkxld.dylib
0x0000000027fc7000 	/usr/lib/libcoretls.dylib
0x0000000027fc7000 	/usr/lib/libcoretls_cfhelpers.dylib
0x0000000027fc7000 	/usr/lib/libxar.1.dylib
0x000000010d23f000 	/usr/lib/libsqlite3.dylib
0x0000000027fc7000 	/usr/lib/libpam.2.dylib
0x0000000027fc7000 	/usr/lib/libOpenScriptingUtil.dylib
0x0000000027fc7000 	/usr/lib/libbz2.1.0.dylib
0x0000000027fc7000 	/usr/lib/liblzma.5.dylib
0x000000010d3a7000 	/usr/lib/libnetwork.dylib
0x0000000027fc7000 	/usr/lib/libpcap.A.dylib
0x0000000027fc7000 	/System/Library/Frameworks/CoreServices.framework/Versions/A/Frameworks/FSEvents.framework/Versions/A/FSEvents
0x0000000027fc7000 	/System/Library/Frameworks/CoreServices.framework/Versions/A/Frameworks/CarbonCore.framework/Versions/A/CarbonCore
0x0000000027fc7000 	/System/Library/Frameworks/CoreServices.framework/Versions/A/Frameworks/Metadata.framework/Versions/A/Metadata
0x0000000027fc7000 	/System/Library/Frameworks/CoreServices.framework/Versions/A/Frameworks/OSServices.framework/Versions/A/OSServices
0x0000000027fc7000 	/System/Library/Frameworks/CoreServices.framework/Versions/A/Frameworks/SearchKit.framework/Versions/A/SearchKit
0x0000000027fc7000 	/System/Library/Frameworks/CoreServices.framework/Versions/A/Frameworks/AE.framework/Versions/A/AE
0x0000000027fc7000 	/System/Library/Frameworks/CoreServices.framework/Versions/A/Frameworks/LaunchServices.framework/Versions/A/LaunchServices
0x0000000027fc7000 	/System/Library/Frameworks/CoreServices.framework/Versions/A/Frameworks/DictionaryServices.framework/Versions/A/DictionaryServices
0x0000000027fc7000 	/System/Library/Frameworks/CoreServices.framework/Versions/A/Frameworks/SharedFileList.framework/Versions/A/SharedFileList
0x0000000027fc7000 	/System/Library/Frameworks/NetFS.framework/Versions/A/NetFS
0x0000000027fc7000 	/System/Library/PrivateFrameworks/NetAuth.framework/Versions/A/NetAuth
0x0000000027fc7000 	/System/Library/PrivateFrameworks/login.framework/Versions/A/Frameworks/loginsupport.framework/Versions/A/loginsupport
0x0000000027fc7000 	/System/Library/PrivateFrameworks/TCC.framework/Versions/A/TCC
0x0000000027fc7000 	/usr/lib/libmecabra.dylib
0x0000000027fc7000 	/System/Library/Frameworks/ApplicationServices.framework/Versions/A/Frameworks/ATS.framework/Versions/A/ATS
0x0000000027fc7000 	/System/Library/Frameworks/ApplicationServices.framework/Versions/A/Frameworks/ColorSync.framework/Versions/A/ColorSync
0x0000000027fc7000 	/System/Library/Frameworks/ApplicationServices.framework/Versions/A/Frameworks/HIServices.framework/Versions/A/HIServices
0x0000000027fc7000 	/System/Library/Frameworks/ApplicationServices.framework/Versions/A/Frameworks/LangAnalysis.framework/Versions/A/LangAnalysis
0x0000000027fc7000 	/System/Library/Frameworks/ApplicationServices.framework/Versions/A/Frameworks/PrintCore.framework/Versions/A/PrintCore
0x0000000027fc7000 	/System/Library/Frameworks/ApplicationServices.framework/Versions/A/Frameworks/QD.framework/Versions/A/QD
0x0000000027fc7000 	/System/Library/Frameworks/ApplicationServices.framework/Versions/A/Frameworks/SpeechSynthesis.framework/Versions/A/SpeechSynthesis
0x0000000027fc7000 	/System/Library/Frameworks/Accelerate.framework/Versions/A/Frameworks/vImage.framework/Versions/A/vImage
0x0000000027fc7000 	/System/Library/Frameworks/Accelerate.framework/Versions/A/Frameworks/vecLib.framework/Versions/A/vecLib
0x0000000027fc7000 	/System/Library/Frameworks/Accelerate.framework/Versions/A/Frameworks/vecLib.framework/Versions/A/libvDSP.dylib
0x0000000027fc7000 	/System/Library/Frameworks/Accelerate.framework/Versions/A/Frameworks/vecLib.framework/Versions/A/libBNNS.dylib
0x0000000027fc7000 	/System/Library/Frameworks/Accelerate.framework/Versions/A/Frameworks/vecLib.framework/Versions/A/libQuadrature.dylib
0x0000000027fc7000 	/System/Library/Frameworks/Accelerate.framework/Versions/A/Frameworks/vecLib.framework/Versions/A/libvMisc.dylib
0x0000000027fc7000 	/System/Library/Frameworks/Accelerate.framework/Versions/A/Frameworks/vecLib.framework/Versions/A/libLAPACK.dylib
0x0000000027fc7000 	/System/Library/Frameworks/Accelerate.framework/Versions/A/Frameworks/vecLib.framework/Versions/A/libBLAS.dylib
0x0000000027fc7000 	/System/Library/Frameworks/Accelerate.framework/Versions/A/Frameworks/vecLib.framework/Versions/A/libLinearAlgebra.dylib
0x0000000027fc7000 	/System/Library/Frameworks/Accelerate.framework/Versions/A/Frameworks/vecLib.framework/Versions/A/libSparseBLAS.dylib
0x0000000027fc7000 	/System/Library/Frameworks/ApplicationServices.framework/Versions/A/Frameworks/ATS.framework/Versions/A/Resources/libFontParser.dylib
0x0000000027fc7000 	/System/Library/Frameworks/ApplicationServices.framework/Versions/A/Frameworks/ATS.framework/Versions/A/Resources/libFontRegistry.dylib
0x0000000027fc7000 	/System/Library/Frameworks/ImageIO.framework/Versions/A/Resources/libJPEG.dylib
0x0000000027fc7000 	/System/Library/Frameworks/ImageIO.framework/Versions/A/Resources/libTIFF.dylib
0x0000000027fc7000 	/System/Library/Frameworks/ImageIO.framework/Versions/A/Resources/libPng.dylib
0x0000000027fc7000 	/System/Library/Frameworks/ImageIO.framework/Versions/A/Resources/libGIF.dylib
0x0000000027fc7000 	/System/Library/Frameworks/ImageIO.framework/Versions/A/Resources/libJP2.dylib
0x0000000027fc7000 	/System/Library/Frameworks/ImageIO.framework/Versions/A/Resources/libRadiance.dylib
0x0000000027fc7000 	/usr/lib/libcompression.dylib
0x0000000027fc7000 	/System/Library/PrivateFrameworks/AppleJPEG.framework/Versions/A/AppleJPEG
0x0000000027fc7000 	/usr/lib/libcups.2.dylib
0x0000000027fc7000 	/System/Library/Frameworks/Kerberos.framework/Versions/A/Kerberos
0x0000000027fc7000 	/System/Library/Frameworks/GSS.framework/Versions/A/GSS
0x0000000027fc7000 	/usr/lib/libresolv.9.dylib
0x0000000027fc7000 	/usr/lib/libiconv.2.dylib
0x0000000027fc7000 	/System/Library/PrivateFrameworks/Heimdal.framework/Versions/A/Heimdal
0x0000000027fc7000 	/usr/lib/libheimdal-asn1.dylib
0x0000000027fc7000 	/System/Library/Frameworks/OpenDirectory.framework/Versions/A/OpenDirectory
0x0000000027fc7000 	/System/Library/PrivateFrameworks/CommonAuth.framework/Versions/A/CommonAuth
0x0000000027fc7000 	/System/Library/Frameworks/OpenDirectory.framework/Versions/A/Frameworks/CFOpenDirectory.framework/Versions/A/CFOpenDirectory
0x0000000027fc7000 	/System/Library/Frameworks/SecurityFoundation.framework/Versions/A/SecurityFoundation
0x0000000027fc7000 	/System/Library/PrivateFrameworks/LanguageModeling.framework/Versions/A/LanguageModeling
0x0000000027fc7000 	/usr/lib/libmarisa.dylib
0x0000000027fc7000 	/usr/lib/libChineseTokenizer.dylib
0x0000000027fc7000 	/usr/lib/libcmph.dylib
0x0000000027fc7000 	/System/Library/PrivateFrameworks/CoreEmoji.framework/Versions/A/CoreEmoji
0x000000010d45c000 	/System/Library/Frameworks/ServiceManagement.framework/Versions/A/ServiceManagement
0x0000000027fc7000 	/usr/lib/libxslt.1.dylib
0x0000000027fc7000 	/System/Library/Frameworks/Carbon.framework/Versions/A/Frameworks/Ink.framework/Versions/A/Ink
0x0000000027fc7000 	/System/Library/PrivateFrameworks/TextureIO.framework/Versions/A/TextureIO
0x0000000027fc7000 	/System/Library/Frameworks/Metal.framework/Versions/A/Metal
0x0000000027fc7000 	/usr/lib/libate.dylib
0x0000000027fc7000 	/System/Library/PrivateFrameworks/GPUCompiler.framework/libmetal_timestamp.dylib
0x0000000027fc7000 	/System/Library/Frameworks/OpenGL.framework/Versions/A/Libraries/libCoreFSCache.dylib
0x0000000027fc7000 	/System/Library/PrivateFrameworks/IOAccelerator.framework/Versions/A/IOAccelerator
0x0000000027fc7000 	/System/Library/Frameworks/CoreVideo.framework/Versions/A/CoreVideo
0x0000000027fc7000 	/usr/lib/libFosl_dynamic.dylib
0x0000000027fc7000 	/System/Library/PrivateFrameworks/MetalPerformanceShaders.framework/Versions/A/MetalPerformanceShaders
0x0000000027fc7000 	/System/Library/PrivateFrameworks/FaceCore.framework/Versions/A/FaceCore
0x0000000027fc7000 	/System/Library/Frameworks/OpenCL.framework/Versions/A/OpenCL
0x0000000027fc7000 	/System/Library/Frameworks/OpenGL.framework/Versions/A/Libraries/libGLU.dylib
0x0000000027fc7000 	/System/Library/Frameworks/OpenGL.framework/Versions/A/Libraries/libGFXShared.dylib
0x0000000027fc7000 	/System/Library/Frameworks/OpenGL.framework/Versions/A/Libraries/libGL.dylib
0x0000000027fc7000 	/System/Library/Frameworks/OpenGL.framework/Versions/A/Libraries/libGLImage.dylib
0x0000000027fc7000 	/System/Library/Frameworks/OpenGL.framework/Versions/A/Libraries/libCVMSPluginSupport.dylib
0x0000000027fc7000 	/System/Library/Frameworks/OpenGL.framework/Versions/A/Libraries/libCoreVMClient.dylib
0x0000000027fc7000 	/System/Library/PrivateFrameworks/CrashReporterSupport.framework/Versions/A/CrashReporterSupport
0x0000000027fc7000 	/System/Library/PrivateFrameworks/Sharing.framework/Versions/A/Sharing
0x0000000027fc7000 	/System/Library/PrivateFrameworks/IconServices.framework/Versions/A/IconServices
0x0000000027fc7000 	/System/Library/PrivateFrameworks/ProtocolBuffer.framework/Versions/A/ProtocolBuffer
0x0000000027fc7000 	/System/Library/PrivateFrameworks/Apple80211.framework/Versions/A/Apple80211
0x0000000027fc7000 	/System/Library/Frameworks/CoreWLAN.framework/Versions/A/CoreWLAN
0x0000000027fc7000 	/System/Library/PrivateFrameworks/CoreUtils.framework/Versions/A/CoreUtils
0x0000000027fc7000 	/System/Library/Frameworks/IOBluetooth.framework/Versions/A/IOBluetooth
0x0000000027fc7000 	/System/Library/PrivateFrameworks/CoreWiFi.framework/Versions/A/CoreWiFi
0x0000000027fc7000 	/System/Library/Frameworks/CoreBluetooth.framework/Versions/A/CoreBluetooth
0x0000000027fc7000 	/System/Library/Frameworks/CoreDisplay.framework/Versions/A/CoreDisplay
0x0000000027fc7000 	/System/Library/PrivateFrameworks/IOPresentment.framework/Versions/A/IOPresentment
0x0000000027fc7000 	/System/Library/PrivateFrameworks/DebugSymbols.framework/Versions/A/DebugSymbols
0x0000000027fc7000 	/System/Library/PrivateFrameworks/CoreSymbolication.framework/Versions/A/CoreSymbolication
0x0000000027fc7000 	/System/Library/PrivateFrameworks/Symbolication.framework/Versions/A/Symbolication
0x0000000027fc7000 	/System/Library/PrivateFrameworks/AppleFSCompression.framework/Versions/A/AppleFSCompression
0x0000000027fc7000 	/System/Library/PrivateFrameworks/SpeechRecognitionCore.framework/Versions/A/SpeechRecognitionCore
0x0000000027fc7000 	/System/Library/PrivateFrameworks/ChunkingLibrary.framework/Versions/A/ChunkingLibrary
0x000000010e600000 	/Library/Java/JavaVirtualMachines/jdk1.8.0_25.jdk/Contents/Home/jre/lib/server/libjvm.dylib
0x000000010d4f9000 	/usr/lib/libstdc++.6.dylib
0x000000010d5b2000 	/Library/Java/JavaVirtualMachines/jdk1.8.0_25.jdk/Contents/Home/jre/lib/libverify.dylib
0x000000010d5c0000 	/Library/Java/JavaVirtualMachines/jdk1.8.0_25.jdk/Contents/Home/jre/lib/libjava.dylib
0x000000010f51c000 	/Library/Java/JavaVirtualMachines/jdk1.8.0_25.jdk/Contents/Home/jre/lib/libzip.dylib
0x000000011e91c000 	/System/Library/Frameworks/JavaVM.framework/Frameworks/JavaRuntimeSupport.framework/JavaRuntimeSupport
0x000000011e936000 	/System/Library/Frameworks/JavaVM.framework/Versions/A/Frameworks/JavaNativeFoundation.framework/Versions/A/JavaNativeFoundation
0x000000011e94b000 	/System/Library/Frameworks/JavaVM.framework/Versions/A/JavaVM
0x0000000027fc7000 	/System/Library/Frameworks/Carbon.framework/Versions/A/Carbon
0x000000011e958000 	/System/Library/PrivateFrameworks/JavaLaunching.framework/Versions/A/JavaLaunching
0x0000000027fc7000 	/System/Library/Frameworks/Carbon.framework/Versions/A/Frameworks/CommonPanels.framework/Versions/A/CommonPanels
0x0000000027fc7000 	/System/Library/Frameworks/Carbon.framework/Versions/A/Frameworks/Help.framework/Versions/A/Help
0x0000000027fc7000 	/System/Library/Frameworks/Carbon.framework/Versions/A/Frameworks/ImageCapture.framework/Versions/A/ImageCapture
0x0000000027fc7000 	/System/Library/Frameworks/Carbon.framework/Versions/A/Frameworks/OpenScripting.framework/Versions/A/OpenScripting
0x0000000027fc7000 	/System/Library/Frameworks/Carbon.framework/Versions/A/Frameworks/Print.framework/Versions/A/Print
0x0000000027fc7000 	/System/Library/Frameworks/Carbon.framework/Versions/A/Frameworks/SecurityHI.framework/Versions/A/SecurityHI
0x000000012027f000 	/Library/Java/JavaVirtualMachines/jdk1.8.0_25.jdk/Contents/Home/jre/lib/libnet.dylib
0x00000001202de000 	/Library/Java/JavaVirtualMachines/jdk1.8.0_25.jdk/Contents/Home/jre/lib/libnio.dylib
0x00000001207e4000 	/Library/Java/JavaVirtualMachines/jdk1.8.0_25.jdk/Contents/Home/jre/lib/libsunec.dylib

VM Arguments:
jvm_args: -Xverify:none -Xms512m -Xmx2048m -XX:MaxPermSize=1024m -XX:ReservedCodeCacheSize=128M 
java_command: /usr/local/Cellar/sbt/0.13.8/libexec/sbt-launch.jar
java_class_path (initial): /usr/local/Cellar/sbt/0.13.8/libexec/sbt-launch.jar
Launcher Type: SUN_STANDARD

Environment Variables:
PATH=/Users/cgbaker/dcos/bin:/usr/local/bin:/usr/local/bin:/usr/bin:/bin:/usr/sbin:/sbin:/opt/X11/bin:/usr/local/git/bin:/usr/local/MacGPG2/bin:/Library/TeX/texbin:/Applications/VMware Fusion.app/Contents/Library:/Users/cgbaker/PlayFramework/1.3.6:/Users/cgbaker/go/bin:/sbin:/usr/sbin:/usr/local/sbin:/Users/cgbaker/packer:/Users/cgbaker/bin:/Users/cgbaker/Downloads/android-sdk-macosx/platform-tools:/Users/cgbaker/Desktop/sm-cli-1.1-SNAPSHOT/bin:/opt/kafka/bin:/Users/cgbaker/dcos/bin
SHELL=/bin/bash
DISPLAY=/private/tmp/com.apple.launchd.TpnKbQY1fx/org.macosforge.xquartz:0

Signal Handlers:
SIGSEGV: [libjvm.dylib+0x579dc7], sa_mask[0]=11111111011111110111111111111111, sa_flags=SA_ONSTACK|SA_RESTART|SA_SIGINFO
SIGBUS: [libjvm.dylib+0x579dc7], sa_mask[0]=11111111011111110111111111111111, sa_flags=SA_RESTART|SA_SIGINFO
SIGFPE: [libjvm.dylib+0x45b030], sa_mask[0]=11111111011111110111111111111111, sa_flags=SA_RESTART|SA_SIGINFO
SIGPIPE: [libjvm.dylib+0x45b030], sa_mask[0]=11111111011111110111111111111111, sa_flags=SA_RESTART|SA_SIGINFO
SIGXFSZ: [libjvm.dylib+0x45b030], sa_mask[0]=11111111011111110111111111111111, sa_flags=SA_RESTART|SA_SIGINFO
SIGILL: [libjvm.dylib+0x45b030], sa_mask[0]=11111111011111110111111111111111, sa_flags=SA_RESTART|SA_SIGINFO
SIGUSR1: SIG_DFL, sa_mask[0]=11011111011111100000000111000110, sa_flags=none
SIGUSR2: [libjvm.dylib+0x45ab4e], sa_mask[0]=00000000000000000000000000000000, sa_flags=SA_RESTART|SA_SIGINFO
SIGHUP: [libjvm.dylib+0x459121], sa_mask[0]=11111111011111110111111111111111, sa_flags=SA_RESTART|SA_SIGINFO
SIGINT: [libjvm.dylib+0x459121], sa_mask[0]=11111111011111110111111111111111, sa_flags=SA_RESTART|SA_SIGINFO
SIGTERM: [libjvm.dylib+0x459121], sa_mask[0]=11111111011111110111111111111111, sa_flags=SA_RESTART|SA_SIGINFO
SIGQUIT: [libjvm.dylib+0x459121], sa_mask[0]=11111111011111110111111111111111, sa_flags=SA_RESTART|SA_SIGINFO


---------------  S Y S T E M  ---------------

OS:Bsduname:Darwin 16.3.0 Darwin Kernel Version 16.3.0: Thu Nov 17 20:23:58 PST 2016; root:xnu-3789.31.2~1/RELEASE_X86_64 x86_64
rlimit: STACK 8192k, CORE 0k, NPROC 709, NOFILE 10240, AS infinity
load average:3.14 2.73 2.67

CPU:total 8 (4 cores per cpu, 2 threads per core) family 6 model 70 stepping 1, cmov, cx8, fxsr, mmx, sse, sse2, sse3, ssse3, sse4.1, sse4.2, popcnt, avx, avx2, aes, clmul, erms, rtm, lzcnt, ht, tsc, tscinvbit, bmi1, bmi2

Memory: 4k page, physical 16777216k(1556740k free)

/proc/meminfo:


vm_info: Java HotSpot(TM) 64-Bit Server VM (25.25-b02) for bsd-amd64 JRE (1.8.0_25-b17), built on Sep 17 2014 16:56:50 by "java_re" with gcc 4.2.1 (Based on Apple Inc. build 5658) (LLVM build 2336.11.00)

time: Fri Jan  6 11:07:07 2017
elapsed time: 26947 seconds (0d 7h 29m 7s)

